{"C:\\Users\\ThinkPad T480s\\Downloads\\MOCK_MOVIE\\movie_webapp\\src\\__test__\\const\\constant.ts": {"path":"C:\\Users\\ThinkPad T480s\\Downloads\\MOCK_MOVIE\\movie_webapp\\src\\__test__\\const\\constant.ts","statementMap":{"0":{"start":{"line":1,"column":0},"end":{"line":1,"column":46}},"1":{"start":{"line":2,"column":0},"end":{"line":2,"column":31}},"2":{"start":{"line":4,"column":26},"end":{"line":15,"column":1}},"3":{"start":{"line":5,"column":2},"end":{"line":14,"column":4}},"4":{"start":{"line":4,"column":13},"end":{"line":4,"column":26}},"5":{"start":{"line":17,"column":18},"end":{"line":17,"column":34}},"6":{"start":{"line":18,"column":13},"end":{"line":28,"column":3}}},"fnMap":{"0":{"name":"(anonymous_1)","decl":{"start":{"line":4,"column":26},"end":{"line":4,"column":27}},"loc":{"start":{"line":4,"column":44},"end":{"line":15,"column":1}}}},"branchMap":{},"s":{"0":1,"1":1,"2":1,"3":0,"4":1,"5":1,"6":1},"f":{"0":0},"b":{}}
,"C:\\Users\\ThinkPad T480s\\Downloads\\MOCK_MOVIE\\movie_webapp\\src\\__test__\\const\\popular.ts": {"path":"C:\\Users\\ThinkPad T480s\\Downloads\\MOCK_MOVIE\\movie_webapp\\src\\__test__\\const\\popular.ts","statementMap":{"0":{"start":{"line":1,"column":0},"end":{"line":70,"column":2}}},"fnMap":{},"branchMap":{},"s":{"0":1},"f":{},"b":{}}
,"C:\\Users\\ThinkPad T480s\\Downloads\\MOCK_MOVIE\\movie_webapp\\src\\components\\header\\Genres.tsx": {"path":"C:\\Users\\ThinkPad T480s\\Downloads\\MOCK_MOVIE\\movie_webapp\\src\\components\\header\\Genres.tsx","statementMap":{"0":{"start":{"line":1,"column":15},"end":{"line":30,"column":2}},"1":{"start":{"line":31,"column":0},"end":{"line":31,"column":22}}},"fnMap":{},"branchMap":{},"s":{"0":1,"1":1},"f":{},"b":{}}
,"C:\\Users\\ThinkPad T480s\\Downloads\\MOCK_MOVIE\\movie_webapp\\src\\components\\header\\Header.tsx": {"path":"C:\\Users\\ThinkPad T480s\\Downloads\\MOCK_MOVIE\\movie_webapp\\src\\components\\header\\Header.tsx","statementMap":{"0":{"start":{"line":1,"column":0},"end":{"line":1,"column":51}},"1":{"start":{"line":2,"column":0},"end":{"line":2,"column":40}},"2":{"start":{"line":3,"column":0},"end":{"line":3,"column":40}},"3":{"start":{"line":4,"column":0},"end":{"line":4,"column":53}},"4":{"start":{"line":5,"column":0},"end":{"line":5,"column":52}},"5":{"start":{"line":6,"column":0},"end":{"line":6,"column":36}},"6":{"start":{"line":7,"column":0},"end":{"line":7,"column":23}},"7":{"start":{"line":9,"column":20},"end":{"line":9,"column":33}},"8":{"start":{"line":10,"column":24},"end":{"line":10,"column":37}},"9":{"start":{"line":11,"column":20},"end":{"line":11,"column":33}},"10":{"start":{"line":13,"column":4},"end":{"line":13,"column":22}},"11":{"start":{"line":14,"column":60},"end":{"line":14,"column":72}},"12":{"start":{"line":15,"column":46},"end":{"line":15,"column":59}},"13":{"start":{"line":16,"column":32},"end":{"line":16,"column":47}},"14":{"start":{"line":18,"column":21},"end":{"line":25,"column":null}},"15":{"start":{"line":27,"column":2},"end":{"line":46,"column":5}},"16":{"start":{"line":28,"column":17},"end":{"line":41,"column":5}},"17":{"start":{"line":29,"column":6},"end":{"line":40,"column":7}},"18":{"start":{"line":30,"column":8},"end":{"line":39,"column":9}},"19":{"start":{"line":34,"column":10},"end":{"line":34,"column":51}},"20":{"start":{"line":35,"column":10},"end":{"line":35,"column":46}},"21":{"start":{"line":37,"column":10},"end":{"line":37,"column":54}},"22":{"start":{"line":38,"column":10},"end":{"line":38,"column":39}},"23":{"start":{"line":42,"column":23},"end":{"line":42,"column":62}},"24":{"start":{"line":43,"column":4},"end":{"line":45,"column":6}},"25":{"start":{"line":44,"column":6},"end":{"line":44,"column":61}},"26":{"start":{"line":44,"column":49},"end":{"line":44,"column":59}},"27":{"start":{"line":48,"column":25},"end":{"line":54,"column":3}},"28":{"start":{"line":49,"column":4},"end":{"line":49,"column":35}},"29":{"start":{"line":50,"column":4},"end":{"line":50,"column":21}},"30":{"start":{"line":51,"column":4},"end":{"line":51,"column":27}},"31":{"start":{"line":52,"column":4},"end":{"line":52,"column":45}},"32":{"start":{"line":56,"column":2},"end":{"line":96,"column":4}},"33":{"start":{"line":99,"column":0},"end":{"line":99,"column":22}}},"fnMap":{"0":{"name":"Header","decl":{"start":{"line":8,"column":9},"end":{"line":8,"column":15}},"loc":{"start":{"line":8,"column":15},"end":{"line":97,"column":1}}},"1":{"name":"(anonymous_2)","decl":{"start":{"line":27,"column":12},"end":{"line":27,"column":15}},"loc":{"start":{"line":27,"column":17},"end":{"line":46,"column":3}}},"2":{"name":"(anonymous_3)","decl":{"start":{"line":28,"column":17},"end":{"line":28,"column":20}},"loc":{"start":{"line":28,"column":22},"end":{"line":41,"column":5}}},"3":{"name":"(anonymous_4)","decl":{"start":{"line":43,"column":11},"end":{"line":43,"column":14}},"loc":{"start":{"line":43,"column":16},"end":{"line":45,"column":5}}},"4":{"name":"(anonymous_5)","decl":{"start":{"line":44,"column":43},"end":{"line":44,"column":46}},"loc":{"start":{"line":44,"column":49},"end":{"line":44,"column":59}}},"5":{"name":"(anonymous_6)","decl":{"start":{"line":48,"column":25},"end":{"line":48,"column":28}},"loc":{"start":{"line":48,"column":30},"end":{"line":54,"column":3}}}},"branchMap":{"0":{"loc":{"start":{"line":29,"column":6},"end":{"line":40,"column":7}},"type":"if","locations":[{"start":{"line":29,"column":6},"end":{"line":40,"column":7}}]},"1":{"loc":{"start":{"line":29,"column":10},"end":{"line":29,"column":52}},"type":"binary-expr","locations":[{"start":{"line":29,"column":10},"end":{"line":29,"column":31}},{"start":{"line":29,"column":35},"end":{"line":29,"column":52}}]},"2":{"loc":{"start":{"line":30,"column":8},"end":{"line":39,"column":9}},"type":"if","locations":[{"start":{"line":30,"column":8},"end":{"line":39,"column":9}},{"start":{"line":36,"column":15},"end":{"line":39,"column":9}}]},"3":{"loc":{"start":{"line":31,"column":10},"end":{"line":32,"column":38}},"type":"binary-expr","locations":[{"start":{"line":31,"column":10},"end":{"line":31,"column":49}},{"start":{"line":32,"column":10},"end":{"line":32,"column":38}}]}},"s":{"0":1,"1":1,"2":1,"3":1,"4":1,"5":1,"6":1,"7":3,"8":2,"9":2,"10":2,"11":2,"12":2,"13":2,"14":2,"15":2,"16":0,"17":0,"18":0,"19":0,"20":0,"21":0,"22":0,"23":0,"24":0,"25":0,"26":0,"27":2,"28":0,"29":0,"30":0,"31":0,"32":2,"33":1},"f":{"0":3,"1":0,"2":0,"3":0,"4":0,"5":0},"b":{"0":[0],"1":[0,0],"2":[0,0],"3":[0,0]}}
,"C:\\Users\\ThinkPad T480s\\Downloads\\MOCK_MOVIE\\movie_webapp\\src\\components\\header\\HeaderNav.tsx": {"path":"C:\\Users\\ThinkPad T480s\\Downloads\\MOCK_MOVIE\\movie_webapp\\src\\components\\header\\HeaderNav.tsx","statementMap":{"0":{"start":{"line":1,"column":0},"end":{"line":1,"column":41}},"1":{"start":{"line":2,"column":0},"end":{"line":2,"column":53}},"2":{"start":{"line":3,"column":0},"end":{"line":3,"column":49}},"3":{"start":{"line":4,"column":0},"end":{"line":4,"column":32}},"4":{"start":{"line":5,"column":0},"end":{"line":5,"column":30}},"5":{"start":{"line":6,"column":0},"end":{"line":6,"column":23}},"6":{"start":{"line":8,"column":23},"end":{"line":8,"column":36}},"7":{"start":{"line":10,"column":27},"end":{"line":10,"column":68}},"8":{"start":{"line":10,"column":48},"end":{"line":10,"column":67}},"9":{"start":{"line":12,"column":2},"end":{"line":18,"column":4}},"10":{"start":{"line":15,"column":8},"end":{"line":15,"column":25}},"11":{"start":{"line":21,"column":0},"end":{"line":21,"column":25}},"12":{"start":{"line":23,"column":23},"end":{"line":127,"column":1}},"13":{"start":{"line":24,"column":38},"end":{"line":24,"column":53}},"14":{"start":{"line":25,"column":32},"end":{"line":25,"column":43}},"15":{"start":{"line":26,"column":36},"end":{"line":26,"column":49}},"16":{"start":{"line":27,"column":19},"end":{"line":27,"column":32}},"17":{"start":{"line":28,"column":17},"end":{"line":28,"column":30}},"18":{"start":{"line":30,"column":28},"end":{"line":32,"column":3}},"19":{"start":{"line":31,"column":4},"end":{"line":31,"column":25}},"20":{"start":{"line":34,"column":22},"end":{"line":41,"column":3}},"21":{"start":{"line":35,"column":4},"end":{"line":35,"column":24}},"22":{"start":{"line":36,"column":4},"end":{"line":39,"column":12}},"23":{"start":{"line":37,"column":6},"end":{"line":37,"column":20}},"24":{"start":{"line":38,"column":6},"end":{"line":38,"column":27}},"25":{"start":{"line":40,"column":4},"end":{"line":40,"column":33}},"26":{"start":{"line":43,"column":20},"end":{"line":50,"column":3}},"27":{"start":{"line":44,"column":4},"end":{"line":46,"column":12}},"28":{"start":{"line":45,"column":6},"end":{"line":45,"column":27}},"29":{"start":{"line":47,"column":4},"end":{"line":47,"column":18}},"30":{"start":{"line":48,"column":4},"end":{"line":48,"column":26}},"31":{"start":{"line":49,"column":4},"end":{"line":49,"column":35}},"32":{"start":{"line":52,"column":2},"end":{"line":126,"column":3}},"33":{"start":{"line":53,"column":4},"end":{"line":67,"column":5}},"34":{"start":{"line":54,"column":6},"end":{"line":64,"column":8}},"35":{"start":{"line":66,"column":6},"end":{"line":66,"column":16}},"36":{"start":{"line":69,"column":4},"end":{"line":125,"column":5}},"37":{"start":{"line":70,"column":6},"end":{"line":101,"column":8}},"38":{"start":{"line":74,"column":12},"end":{"line":74,"column":26}},"39":{"start":{"line":77,"column":12},"end":{"line":77,"column":24}},"40":{"start":{"line":90,"column":16},"end":{"line":91,"column":null}},"41":{"start":{"line":102,"column":11},"end":{"line":125,"column":5}},"42":{"start":{"line":103,"column":6},"end":{"line":114,"column":8}},"43":{"start":{"line":116,"column":6},"end":{"line":124,"column":8}},"44":{"start":{"line":23,"column":13},"end":{"line":23,"column":23}}},"fnMap":{"0":{"name":"HeaderNav","decl":{"start":{"line":7,"column":9},"end":{"line":7,"column":18}},"loc":{"start":{"line":7,"column":29},"end":{"line":19,"column":1}}},"1":{"name":"(anonymous_2)","decl":{"start":{"line":10,"column":41},"end":{"line":10,"column":42}},"loc":{"start":{"line":10,"column":48},"end":{"line":10,"column":67}}},"2":{"name":"(anonymous_3)","decl":{"start":{"line":14,"column":15},"end":{"line":14,"column":16}},"loc":{"start":{"line":15,"column":8},"end":{"line":15,"column":25}}},"3":{"name":"(anonymous_4)","decl":{"start":{"line":23,"column":23},"end":{"line":23,"column":24}},"loc":{"start":{"line":23,"column":38},"end":{"line":127,"column":1}}},"4":{"name":"(anonymous_5)","decl":{"start":{"line":30,"column":28},"end":{"line":30,"column":31}},"loc":{"start":{"line":30,"column":33},"end":{"line":32,"column":3}}},"5":{"name":"(anonymous_6)","decl":{"start":{"line":34,"column":22},"end":{"line":34,"column":25}},"loc":{"start":{"line":34,"column":27},"end":{"line":41,"column":3}}},"6":{"name":"(anonymous_7)","decl":{"start":{"line":36,"column":34},"end":{"line":36,"column":37}},"loc":{"start":{"line":36,"column":39},"end":{"line":39,"column":5}}},"7":{"name":"(anonymous_8)","decl":{"start":{"line":43,"column":20},"end":{"line":43,"column":23}},"loc":{"start":{"line":43,"column":25},"end":{"line":50,"column":3}}},"8":{"name":"(anonymous_9)","decl":{"start":{"line":44,"column":32},"end":{"line":44,"column":35}},"loc":{"start":{"line":44,"column":37},"end":{"line":46,"column":5}}},"9":{"name":"(anonymous_10)","decl":{"start":{"line":73,"column":24},"end":{"line":73,"column":27}},"loc":{"start":{"line":73,"column":29},"end":{"line":75,"column":11}}},"10":{"name":"(anonymous_11)","decl":{"start":{"line":76,"column":24},"end":{"line":76,"column":27}},"loc":{"start":{"line":76,"column":29},"end":{"line":78,"column":11}}},"11":{"name":"(anonymous_12)","decl":{"start":{"line":89,"column":26},"end":{"line":89,"column":27}},"loc":{"start":{"line":90,"column":16},"end":{"line":91,"column":null}}}},"branchMap":{"0":{"loc":{"start":{"line":52,"column":2},"end":{"line":126,"column":3}},"type":"if","locations":[{"start":{"line":52,"column":2},"end":{"line":126,"column":3}},{"start":{"line":68,"column":9},"end":{"line":126,"column":3}}]},"1":{"loc":{"start":{"line":53,"column":4},"end":{"line":67,"column":5}},"type":"if","locations":[{"start":{"line":53,"column":4},"end":{"line":67,"column":5}},{"start":{"line":65,"column":11},"end":{"line":67,"column":5}}]},"2":{"loc":{"start":{"line":53,"column":8},"end":{"line":53,"column":71}},"type":"binary-expr","locations":[{"start":{"line":53,"column":8},"end":{"line":53,"column":38}},{"start":{"line":53,"column":42},"end":{"line":53,"column":71}}]},"3":{"loc":{"start":{"line":57,"column":12},"end":{"line":57,"column":null}},"type":"cond-expr","locations":[{"start":{"line":57,"column":53},"end":{"line":57,"column":61}},{"start":{"line":57,"column":64},"end":{"line":57,"column":null}}]},"4":{"loc":{"start":{"line":69,"column":4},"end":{"line":125,"column":5}},"type":"if","locations":[{"start":{"line":69,"column":4},"end":{"line":125,"column":5}},{"start":{"line":102,"column":11},"end":{"line":125,"column":5}}]},"5":{"loc":{"start":{"line":81,"column":11},"end":{"line":98,"column":null}},"type":"binary-expr","locations":[{"start":{"line":81,"column":11},"end":{"line":81,"column":21}},{"start":{"line":82,"column":12},"end":{"line":97,"column":null}}]},"6":{"loc":{"start":{"line":102,"column":11},"end":{"line":125,"column":5}},"type":"if","locations":[{"start":{"line":102,"column":11},"end":{"line":125,"column":5}},{"start":{"line":115,"column":11},"end":{"line":125,"column":5}}]},"7":{"loc":{"start":{"line":106,"column":12},"end":{"line":106,"column":null}},"type":"cond-expr","locations":[{"start":{"line":106,"column":53},"end":{"line":106,"column":61}},{"start":{"line":106,"column":64},"end":{"line":106,"column":null}}]},"8":{"loc":{"start":{"line":119,"column":12},"end":{"line":119,"column":null}},"type":"cond-expr","locations":[{"start":{"line":119,"column":53},"end":{"line":119,"column":61}},{"start":{"line":119,"column":64},"end":{"line":119,"column":null}}]}},"s":{"0":1,"1":1,"2":1,"3":1,"4":1,"5":1,"6":5,"7":0,"8":0,"9":0,"10":0,"11":1,"12":1,"13":0,"14":0,"15":0,"16":0,"17":0,"18":0,"19":0,"20":0,"21":0,"22":0,"23":0,"24":0,"25":0,"26":0,"27":0,"28":0,"29":0,"30":0,"31":0,"32":0,"33":0,"34":0,"35":0,"36":0,"37":0,"38":0,"39":0,"40":0,"41":0,"42":0,"43":0,"44":1},"f":{"0":5,"1":0,"2":0,"3":0,"4":0,"5":0,"6":0,"7":0,"8":0,"9":0,"10":0,"11":0},"b":{"0":[0,0],"1":[0,0],"2":[0,0],"3":[0,0],"4":[0,0],"5":[0,0],"6":[0,0],"7":[0,0],"8":[0,0]}}
,"C:\\Users\\ThinkPad T480s\\Downloads\\MOCK_MOVIE\\movie_webapp\\src\\components\\header\\navName.tsx": {"path":"C:\\Users\\ThinkPad T480s\\Downloads\\MOCK_MOVIE\\movie_webapp\\src\\components\\header\\navName.tsx","statementMap":{"0":{"start":{"line":1,"column":13},"end":{"line":27,"column":2}}},"fnMap":{},"branchMap":{},"s":{"0":1},"f":{},"b":{}}
,"C:\\Users\\ThinkPad T480s\\Downloads\\MOCK_MOVIE\\movie_webapp\\src\\components\\tablet-nav-sidebar\\NavSide.tsx": {"path":"C:\\Users\\ThinkPad T480s\\Downloads\\MOCK_MOVIE\\movie_webapp\\src\\components\\tablet-nav-sidebar\\NavSide.tsx","statementMap":{"0":{"start":{"line":1,"column":0},"end":{"line":1,"column":42}},"1":{"start":{"line":2,"column":0},"end":{"line":2,"column":40}},"2":{"start":{"line":3,"column":0},"end":{"line":3,"column":46}},"3":{"start":{"line":5,"column":0},"end":{"line":5,"column":33}},"4":{"start":{"line":7,"column":0},"end":{"line":7,"column":28}},"5":{"start":{"line":15,"column":6},"end":{"line":15,"column":11}},"6":{"start":{"line":17,"column":27},"end":{"line":17,"column":40}},"7":{"start":{"line":19,"column":23},"end":{"line":21,"column":4}},"8":{"start":{"line":22,"column":23},"end":{"line":24,"column":4}},"9":{"start":{"line":25,"column":21},"end":{"line":25,"column":34}},"10":{"start":{"line":26,"column":2},"end":{"line":39,"column":5}},"11":{"start":{"line":27,"column":22},"end":{"line":34,"column":5}},"12":{"start":{"line":28,"column":6},"end":{"line":33,"column":7}},"13":{"start":{"line":29,"column":8},"end":{"line":29,"column":47}},"14":{"start":{"line":30,"column":8},"end":{"line":30,"column":46}},"15":{"start":{"line":31,"column":8},"end":{"line":31,"column":26}},"16":{"start":{"line":32,"column":8},"end":{"line":32,"column":44}},"17":{"start":{"line":35,"column":27},"end":{"line":35,"column":74}},"18":{"start":{"line":36,"column":4},"end":{"line":38,"column":6}},"19":{"start":{"line":37,"column":6},"end":{"line":37,"column":68}},"20":{"start":{"line":37,"column":52},"end":{"line":37,"column":66}},"21":{"start":{"line":40,"column":23},"end":{"line":44,"column":3}},"22":{"start":{"line":41,"column":4},"end":{"line":41,"column":22}},"23":{"start":{"line":42,"column":4},"end":{"line":42,"column":40}},"24":{"start":{"line":43,"column":4},"end":{"line":43,"column":50}},"25":{"start":{"line":46,"column":18},"end":{"line":46,"column":52}},"26":{"start":{"line":47,"column":2},"end":{"line":74,"column":11}},"27":{"start":{"line":61,"column":16},"end":{"line":62,"column":null}},"28":{"start":{"line":77,"column":0},"end":{"line":77,"column":23}}},"fnMap":{"0":{"name":"NavSide","decl":{"start":{"line":8,"column":9},"end":{"line":8,"column":16}},"loc":{"start":{"line":8,"column":27},"end":{"line":75,"column":1}}},"1":{"name":"(anonymous_2)","decl":{"start":{"line":26,"column":12},"end":{"line":26,"column":15}},"loc":{"start":{"line":26,"column":17},"end":{"line":39,"column":3}}},"2":{"name":"(anonymous_3)","decl":{"start":{"line":27,"column":22},"end":{"line":27,"column":23}},"loc":{"start":{"line":27,"column":33},"end":{"line":34,"column":5}}},"3":{"name":"(anonymous_4)","decl":{"start":{"line":36,"column":11},"end":{"line":36,"column":14}},"loc":{"start":{"line":36,"column":16},"end":{"line":38,"column":5}}},"4":{"name":"(anonymous_5)","decl":{"start":{"line":37,"column":46},"end":{"line":37,"column":49}},"loc":{"start":{"line":37,"column":52},"end":{"line":37,"column":66}}},"5":{"name":"(anonymous_6)","decl":{"start":{"line":40,"column":23},"end":{"line":40,"column":26}},"loc":{"start":{"line":40,"column":28},"end":{"line":44,"column":3}}},"6":{"name":"(anonymous_7)","decl":{"start":{"line":60,"column":23},"end":{"line":60,"column":24}},"loc":{"start":{"line":61,"column":16},"end":{"line":62,"column":null}}}},"branchMap":{"0":{"loc":{"start":{"line":28,"column":6},"end":{"line":33,"column":7}},"type":"if","locations":[{"start":{"line":28,"column":6},"end":{"line":33,"column":7}}]},"1":{"loc":{"start":{"line":47,"column":9},"end":{"line":74,"column":10}},"type":"cond-expr","locations":[{"start":{"line":48,"column":6},"end":{"line":72,"column":null}},{"start":{"line":74,"column":6},"end":{"line":74,"column":10}}]},"2":{"loc":{"start":{"line":50,"column":11},"end":{"line":56,"column":null}},"type":"binary-expr","locations":[{"start":{"line":50,"column":11},"end":{"line":50,"column":18}},{"start":{"line":51,"column":12},"end":{"line":55,"column":null}}]}},"s":{"0":1,"1":1,"2":1,"3":1,"4":1,"5":2,"6":2,"7":2,"8":2,"9":2,"10":2,"11":0,"12":0,"13":0,"14":0,"15":0,"16":0,"17":0,"18":0,"19":0,"20":0,"21":2,"22":0,"23":0,"24":0,"25":2,"26":2,"27":0,"28":1},"f":{"0":2,"1":0,"2":0,"3":0,"4":0,"5":0,"6":0},"b":{"0":[0],"1":[0,2],"2":[0,0]}}
}
